<?xml version="1.0" encoding="UTF-8"?>
<!-- Generated by org.testng.reporters.JUnitReportReporter -->
<testsuite hostname="DESKTOP-TNBFE61" name="add_client.TS_paidSubs" tests="1" failures="0" timestamp="21 Apr 2018 10:38:08 GMT" time="26.761" errors="0">
  <testcase name="Testcase_city" time="26.761" classname="add_client.TS_paidSubs"/>
</testsuite> <!-- add_client.TS_paidSubs -->
