<?xml version="1.0" encoding="UTF-8"?>
<!-- Generated by org.testng.reporters.JUnitReportReporter -->
<testsuite hostname="DESKTOP-TNBFE61" name="add_client.TS_Client" tests="1" failures="0" timestamp="20 Apr 2018 07:55:00 GMT" time="25.082" errors="0">
  <testcase name="Testcaseforclient" time="25.082" classname="add_client.TS_Client"/>
</testsuite> <!-- add_client.TS_Client -->
