<?xml version="1.0" encoding="UTF-8"?>
<!-- Generated by org.testng.reporters.JUnitReportReporter -->
<testsuite hostname="DESKTOP-TNBFE61" name="add_client.TS_Area" tests="1" failures="0" timestamp="21 Apr 2018 06:10:48 GMT" time="26.014" errors="0">
  <testcase name="Testcase_area" time="26.014" classname="add_client.TS_Area"/>
</testsuite> <!-- add_client.TS_Area -->
