<?xml version="1.0" encoding="UTF-8"?>
<!-- Generated by org.testng.reporters.JUnitReportReporter -->
<testsuite hostname="DESKTOP-TNBFE61" name="add_client.TS_declined_user" tests="1" failures="0" timestamp="21 Apr 2018 07:24:02 GMT" time="26.143" errors="0">
  <testcase name="Testcase_city" time="26.143" classname="add_client.TS_declined_user"/>
</testsuite> <!-- add_client.TS_declined_user -->
