<?xml version="1.0" encoding="UTF-8"?>
<!-- Generated by org.testng.reporters.JUnitReportReporter -->
<testsuite hostname="DESKTOP-TNBFE61" name="add_client.TS_State" tests="1" failures="0" timestamp="20 Apr 2018 07:48:54 GMT" time="18.579" errors="0">
  <testcase name="Testcase_state" time="18.579" classname="add_client.TS_State"/>
</testsuite> <!-- add_client.TS_State -->
