<?xml version="1.0" encoding="UTF-8"?>
<!-- Generated by org.testng.reporters.JUnitReportReporter -->
<testsuite hostname="DESKTOP-TNBFE61" name="add_client.TS_approved_agent" tests="1" failures="0" timestamp="21 Apr 2018 13:54:41 GMT" time="20.126" errors="0">
  <testcase name="Testcase_city" time="20.126" classname="add_client.TS_approved_agent"/>
</testsuite> <!-- add_client.TS_approved_agent -->
