<?xml version="1.0" encoding="UTF-8"?>
<!-- Generated by org.testng.reporters.JUnitReportReporter -->
<testsuite hostname="DESKTOP-TNBFE61" name="add_client.TS_Screen" tests="1" failures="0" timestamp="20 Apr 2018 11:44:03 GMT" time="25.716" errors="0">
  <testcase name="Testcase_city" time="25.716" classname="add_client.TS_Screen"/>
</testsuite> <!-- add_client.TS_Screen -->
