<?xml version="1.0" encoding="UTF-8"?>
<!-- Generated by org.testng.reporters.JUnitReportReporter -->
<testsuite hostname="DESKTOP-TNBFE61" name="add_client.TS_resubmitted" tests="1" failures="0" timestamp="21 Apr 2018 13:04:42 GMT" time="19.606" errors="0">
  <testcase name="Testcase_city" time="19.606" classname="add_client.TS_resubmitted"/>
</testsuite> <!-- add_client.TS_resubmitted -->
