<?xml version="1.0" encoding="UTF-8"?>
<!-- Generated by org.testng.reporters.JUnitReportReporter -->
<testsuite hostname="DESKTOP-TNBFE61" name="add_client.TS_" tests="1" failures="0" timestamp="20 Apr 2018 08:28:29 GMT" time="14.585" errors="0">
  <testcase name="Testcase_city" time="14.585" classname="add_client.TS_"/>
</testsuite> <!-- add_client.TS_ -->
